  test.cpp
G:\1 计算机学习笔记（及资料）\1 编程语言\1 c++\适配ide的测试环境\C++test\src\test.cpp(68,43): error C2131: 表达式的计算结果不是常数
G:\1 计算机学习笔记（及资料）\1 编程语言\1 c++\适配ide的测试环境\C++test\src\test.cpp(68,22): message : 因读取超过生命周期的变量而失败
G:\1 计算机学习笔记（及资料）\1 编程语言\1 c++\适配ide的测试环境\C++test\src\test.cpp(68,22): message : 请参见“end_point”的用法
G:\1 计算机学习笔记（及资料）\1 编程语言\1 c++\适配ide的测试环境\C++test\src\test.cpp(69,2): error C2530: “i”: 必须初始化引用
G:\1 计算机学习笔记（及资料）\1 编程语言\1 c++\适配ide的测试环境\C++test\src\test.cpp(69,2): error C3531: “i”: 类型包含“auto”的符号必须具有初始值设定项
G:\1 计算机学习笔记（及资料）\1 编程语言\1 c++\适配ide的测试环境\C++test\src\test.cpp(69,15): error C2143: 语法错误: 缺少“;”(在“:”的前面)
G:\1 计算机学习笔记（及资料）\1 编程语言\1 c++\适配ide的测试环境\C++test\src\test.cpp(69,22): error C2143: 语法错误: 缺少“;”(在“)”的前面)
